<?xml version="1.0" encoding="UTF-8"?>
<!-- Generated by org.testng.reporters.JUnitReportReporter -->
<testsuite skipped="0" hostname="DESKTOP-5BDCR5P" name="com.bank.testsuite.BankTest" tests="5" failures="0" timestamp="2022-12-09T12:01:32 GMT" time="63.026" errors="0">
  <testcase name="customerShouldWithdrawMoneySuccessfully" time="18.562" classname="com.bank.testsuite.BankTest"/>
  <system-out/>
  <testcase name="customerShouldDepositMoneySuccessfully" time="9.410" classname="com.bank.testsuite.BankTest"/>
  <system-out/>
  <testcase name="bankManagerShouldAddCustomerSuccessfully" time="7.999" classname="com.bank.testsuite.BankTest"/>
  <system-out/>
  <testcase name="customerShouldLoginAndLogoutSuceessfully" time="8.685" classname="com.bank.testsuite.BankTest"/>
  <system-out/>
  <testcase name="bankManagerShouldOpenAccountSuccessfully" time="18.370" classname="com.bank.testsuite.BankTest"/>
  <system-out/>
</testsuite> <!-- com.bank.testsuite.BankTest -->
